>1
Ecaballus.1:11193-29119588 +
Sscrofa.14:116767429-148506987 -

>2
Ecaballus.1:29302272-29367027 +
Sscrofa.4:60650689-60701219 +

>3
Ecaballus.1:29436588-48147478 +
Sscrofa.14:96859049-116346795 -

>4
Ecaballus.1:48329593-66711043 +
Sscrofa.14:64174382-85399225 +

>5
Ecaballus.1:67204849-68491490 +
Sscrofa.14:62006500-63040302 +

>6
Ecaballus.1:69318240-70500103 +
Sscrofa.14:95388222-96813284 +

>7
Ecaballus.1:70798307-71642584 +
Sscrofa.14:63277635-64030042 +

>8
Ecaballus.1:73846421-80235543 +
Sscrofa.14:54709891-61952789 +

>9
Ecaballus.1:80447619-89000284 +
Sscrofa.14:85508342-94875780 -

>10
Ecaballus.1:89184617-92080244 +
Sscrofa.7:55310116-58423465 +

>11
Ecaballus.1:92281818-92367828 +
Sscrofa.7:136216218-136287618 +

>12
Ecaballus.1:92631964-94381944 +
Sscrofa.7:58750347-61395361 +

>13
Ecaballus.1:94559228-96713455 +
Sscrofa.1:200299368-202420022 +

>14
Ecaballus.1:97104721-99218278 +
Sscrofa.7:93862094-96352364 +

>15
Ecaballus.1:100249059-103572903 +
Sscrofa.7:89915744-93013829 -

>16
Ecaballus.1:103984067-106400712 +
Sscrofa.1:144820743-147575706 +

>17
Ecaballus.1:106407035-106835871 +
Sscrofa.1:291862814-292356715 +

>18
Ecaballus.1:107154600-112383770 +
Sscrofa.1:148288481-153065870 -

>19
Ecaballus.1:113346147-113881458 +
Sscrofa.15:53257004-53635748 +

>20
Ecaballus.1:114393790-116252509 +
Sscrofa.7:53390427-55093313 +

>21
Ecaballus.1:116473751-121151768 +
Sscrofa.7:61421723-66443384 +

>22
Ecaballus.1:121236682-127296062 +
Sscrofa.1:170113229-177331065 -

>23
Ecaballus.1:127318414-153718301 +
Sscrofa.1:110126651-144828631 +

>24
Ecaballus.1:153740388-155772535 +
Sscrofa.7:85260616-89267278 -

>25
Ecaballus.1:156062247-156878926 +
Sscrofa.7:134915935-135288605 +

>26
Ecaballus.1:157020375-175026588 +
Sscrofa.7:66480361-85098897 -

>27
Ecaballus.1:175046634-185712596 +
Sscrofa.1:177600571-190221736 +

>28
Ecaballus.2:376528-17735448 +
Sscrofa.6:107855469-122186147 +

>29
Ecaballus.2:17882817-21931924 +
Sscrofa.6:62107281-66073853 -

>30
Ecaballus.2:22421662-27806506 +
Sscrofa.6:58831815-62047903 +

>31
Ecaballus.2:27855033-48447056 +
Sscrofa.6:42772991-58600128 -

>32
Ecaballus.2:49071366-66634089 +
Sscrofa.14:3826422-20994694 +

>33
Ecaballus.2:68722155-78675018 +
Sscrofa.8:36751146-45313561 +

>34
Ecaballus.2:78786496-120689707 +
Sscrofa.8:63494130-100920219 +

>35
Ecaballus.3:31468-36364469 +
Sscrofa.6:7174-25574749 -

>36
Ecaballus.3:36890817-57602348 +
Sscrofa.8:101017533-119633051 +

>37
Ecaballus.3:57929422-64415583 +
Sscrofa.8:57214510-63390475 -

>38
Ecaballus.3:64683856-64970471 +
Sscrofa.8:119735253-119979593 +

>39
Ecaballus.3:66673987-77233691 +
Sscrofa.8:46708001-56845576 -

>40
Ecaballus.3:77272872-119345923 +
Sscrofa.8:40326-36384530 -

>41
Ecaballus.4:456635-8521198 +
Sscrofa.9:92893449-101322519 +

>42
Ecaballus.4:10131235-17635179 +
Sscrofa.18:47352624-54034434 -

>43
Ecaballus.4:19717223-24380086 +
Sscrofa.9:127901957-130860568 +

>44
Ecaballus.4:26403581-32101277 +
Sscrofa.9:86284105-92247184 -

>45
Ecaballus.4:32213978-55078129 +
Sscrofa.9:63795434-86211167 +

>46
Ecaballus.4:55255513-96552199 +
Sscrofa.18:5698352-47313597 -

>47
Ecaballus.4:97388680-101167013 +
Sscrofa.9:101713876-106436368 +

>48
Ecaballus.4:101394331-101454771 +
Sscrofa.18:54199828-54265005 +

>49
Ecaballus.4:101957689-107557290 +
Sscrofa.18:645622-5469456 -

>50
Ecaballus.5:74951-1973994 +
Sscrofa.9:61763548-63306608 +

>51
Ecaballus.5:2405335-3287452 +
Sscrofa.9:131011439-132230912 +

>52
Ecaballus.5:3508131-6986321 +
Sscrofa.4:83493350-87563286 -

>53
Ecaballus.5:7290194-7443022 +
Sscrofa.9:61473745-61649678 +

>54
Ecaballus.5:7668479-13967786 +
Sscrofa.9:107078630-113591590 +

>55
Ecaballus.5:14656759-15921492 +
Sscrofa.13:77947418-78944518 +

>56
Ecaballus.5:17002978-30190325 +
Sscrofa.9:113621111-127118367 +

>57
Ecaballus.5:30509359-30680148 +
Sscrofa.9:63407760-63521667 +

>58
Ecaballus.5:31248903-78780546 +
Sscrofa.4:87673098-135834733 +

>59
Ecaballus.5:78791187-99659201 +
Sscrofa.6:88815422-107576824 +

>60
Ecaballus.6:373422-26897063 +
Sscrofa.15:105467444-134540514 +

>61
Ecaballus.6:27098455-57689226 +
Sscrofa.5:39810934-66016098 -

>62
Ecaballus.6:57972112-66372753 +
Sscrofa.5:66203055-74397429 +

>63
Ecaballus.6:66570024-72887469 +
Sscrofa.5:13278670-19888857 +

>64
Ecaballus.6:73431299-84639762 +
Sscrofa.5:20004544-32898060 +

>65
Ecaballus.7:11235-5594556 +
Sscrofa.2:46234083-51668630 +

>66
Ecaballus.7:5636234-42696432 +
Sscrofa.9:26891668-59384534 +

>67
Ecaballus.7:44515932-45734894 +
Sscrofa.2:55616442-57317029 +

>68
Ecaballus.7:48792363-51857719 +
Sscrofa.2:52188216-55259439 +

>69
Ecaballus.7:52541631-52969170 +
Sscrofa.2:51678226-51896125 +

>70
Ecaballus.7:52977371-78597442 +
Sscrofa.9:19098-26863131 -

>71
Ecaballus.7:78797719-98489601 +
Sscrofa.2:26215319-45957198 -

>72
Ecaballus.8:118113-14058216 +
Sscrofa.14:40150998-51935107 -

>73
Ecaballus.8:14126827-20423942 +
Sscrofa.14:33038433-39951363 +

>74
Ecaballus.8:20476967-30072932 +
Sscrofa.14:22046048-32941626 -

>75
Ecaballus.8:30506316-37762624 +
Sscrofa.6:66196526-69568435 -

>76
Ecaballus.8:38383736-44062898 +
Sscrofa.6:70501557-73863664 -

>77
Ecaballus.8:45665471-57380926 +
Sscrofa.6:74282503-84175094 +

>78
Ecaballus.8:63830530-65572108 +
Sscrofa.1:98347915-100300411 +

>79
Ecaballus.8:65916080-66029202 +
Sscrofa.1:290525697-290609836 +

>80
Ecaballus.8:66589247-74970726 +
Sscrofa.1:100899228-110074140 +

>81
Ecaballus.8:74999509-93314181 +
Sscrofa.1:153492030-170093696 -

>82
Ecaballus.8:93667277-94014320 +
Sscrofa.1:290810029-291092499 +

>83
Ecaballus.9:942312-36068481 +
Sscrofa.4:50225464-83188958 +

>84
Ecaballus.9:36823578-80268232 +
Sscrofa.4:1451764-47976943 -

>85
Ecaballus.9:81833776-82225432 +
Sscrofa.4:135892287-136203031 +

>86
Ecaballus.9:82554425-83486351 +
Sscrofa.4:131960-852016 +

>87
Ecaballus.10:1409750-10021371 +
Sscrofa.6:26928394-32970887 +

>88
Ecaballus.10:10197830-10280420 +
Sscrofa.14:138603427-138723410 +

>89
Ecaballus.10:10704864-21645440 +
Sscrofa.6:33533100-39732278 +

>90
Ecaballus.10:22561095-22662066 +
Sscrofa.1:289962386-290023072 +

>91
Ecaballus.10:22935634-28177463 +
Sscrofa.6:40221171-42747604 +

>92
Ecaballus.10:26664647-27977598 +
Sscrofa.6:122241682-123183998 +

>93
Ecaballus.10:28320535-37565375 +
Sscrofa.1:86623363-97642560 -

>94
Ecaballus.10:37726493-65087368 +
Sscrofa.1:55569914-86283333 +

>95
Ecaballus.10:65254936-83920170 +
Sscrofa.1:26816114-46957178 -

>96
Ecaballus.11:125713-23160563 +
Sscrofa.12:16293-21174151 +

>97
Ecaballus.11:23478525-23672091 +
Sscrofa.12:57185825-57315983 +

>98
Ecaballus.11:23784279-60550896 +
Sscrofa.12:21306343-57008689 +

>99
Ecaballus.12:26183-12080461 +
Sscrofa.2:12845182-26048157 -

>100
Ecaballus.12:12568316-12580286 +
Sscrofa.1:293066842-293954784 +

>101
Ecaballus.12:13366206-15951780 +
Sscrofa.2:137035587-139278291 +

>102
Ecaballus.12:15396948-32092070 +
Sscrofa.2:43742-12325973 -

>103
Ecaballus.12:32984076-33091003 +
Sscrofa.2:139823526-139912497 +

>104
Ecaballus.13:166030-6882342 +
Sscrofa.3:42726-5846668 -

>105
Ecaballus.13:7818934-23672898 +
Sscrofa.3:6136837-20642192 +

>106
Ecaballus.13:23798187-24039451 +
Sscrofa.10:4170-185823 +

>107
Ecaballus.13:24157188-42556274 +
Sscrofa.3:20909513-37147278 +

>108
Ecaballus.14:1990133-6352144 +
Sscrofa.2:67316073-70978871 +

>109
Ecaballus.14:6993487-27127733 +
Sscrofa.16:46965341-69443388 +

>110
Ecaballus.14:27619710-91134479 +
Sscrofa.2:71350329-136888949 -

>111
Ecaballus.14:91673637-92703960 +
Sscrofa.16:44683865-46136424 +

>112
Ecaballus.14:92793270-93103018 +
Sscrofa.2:63718334-64155850 +

>113
Ecaballus.14:93259273-93897823 +
Sscrofa.2:66113822-67020167 +

>114
Ecaballus.15:468802-11868985 +
Sscrofa.3:42388270-52260205 +

>115
Ecaballus.15:12010344-15710378 +
Sscrofa.3:39033924-42232981 -

>116
Ecaballus.15:16434889-91397838 +
Sscrofa.3:52335890-121557947 +

>117
Ecaballus.16:153482-67979351 +
Sscrofa.13:550475-60122864 -

>118
Ecaballus.16:68111161-87363205 +
Sscrofa.13:60289078-76606368 +

>119
Ecaballus.17:141286-774559 +
Sscrofa.11:79373405-79795640 +

>120
Ecaballus.17:1321467-80540881 +
Sscrofa.11:38976-79288711 +

>121
Ecaballus.18:159313-210992 +
Sscrofa.15:28899515-29176420 +

>122
Ecaballus.18:301580-673287 +
Sscrofa.15:133559290-133779572 +

>123
Ecaballus.18:2573684-3355549 +
Sscrofa.15:55169666-55972597 +

>124
Ecaballus.18:8950578-22271482 +
Sscrofa.15:11601183-29835347 -

>125
Ecaballus.18:26911595-32756335 +
Sscrofa.15:72347-8844314 +

>126
Ecaballus.18:33551962-34215356 +
Sscrofa.15:133873123-134217916 +

>127
Ecaballus.18:34493296-82316369 +
Sscrofa.15:56320296-104527478 +

>128
Ecaballus.19:1050061-1248639 +
Sscrofa.13:76943354-77196954 +

>129
Ecaballus.19:6057109-59966879 +
Sscrofa.13:80439804-121543863 +

>130
Ecaballus.20:2137338-33654149 +
Sscrofa.7:935558-29631243 +

>131
Ecaballus.20:33679649-49909879 +
Sscrofa.7:34031584-53195334 +

>132
Ecaballus.20:50077550-50742569 +
Sscrofa.7:135375349-135947700 +

>133
Ecaballus.20:50985591-55674261 +
Sscrofa.7:29721149-34015941 +

>134
Ecaballus.20:56660193-64155854 +
Sscrofa.1:47303611-55347570 +

>135
Ecaballus.21:175072-4517831 +
Sscrofa.2:58780554-65657194 +

>136
Ecaballus.21:5673136-48800558 +
Sscrofa.16:218938-44120792 -

>137
Ecaballus.21:49231771-56802579 +
Sscrofa.16:69470363-76905242 +

>138
Ecaballus.22:354301-18401535 +
Sscrofa.17:13140304-32788301 -

>139
Ecaballus.22:18765869-48351641 +
Sscrofa.17:33077686-64018123 +

>140
Ecaballus.23:622126-1022532 +
Sscrofa.10:64899784-65068785 +

>141
Ecaballus.23:965651-9304986 +
Sscrofa.10:25066514-30519851 +

>142
Ecaballus.23:12175267-45009946 +
Sscrofa.1:205048089-243391371 -

>143
Ecaballus.23:45081005-50607075 +
Sscrofa.10:30554414-37951607 -

>144
Ecaballus.23:50796301-53291831 +
Sscrofa.14:757044-3655324 -

>145
Ecaballus.23:54201085-55576846 +
Sscrofa.3:37197931-38495784 +

>146
Ecaballus.24:1159478-9340927 +
Sscrofa.1:190540173-200153851 +

>147
Ecaballus.24:10011668-11082098 +
Sscrofa.1:202761009-204047668 +

>148
Ecaballus.24:11167656-42415514 +
Sscrofa.7:96814483-130571873 +

>149
Ecaballus.24:42422558-46408878 +
Sscrofa.7:130698108-134319422 -

>150
Ecaballus.25:308495-27056065 +
Sscrofa.1:246802065-278256325 +

>151
Ecaballus.25:26644243-27015350 +
Sscrofa.1:295429564-295509081 +

>152
Ecaballus.25:27085189-38255515 +
Sscrofa.1:278273870-289907691 +

>153
Ecaballus.25:37308423-38963381 +
Sscrofa.1:294107535-294451310 +

>154
Ecaballus.26:2175404-40409078 +
Sscrofa.13:122566250-145174539 +

>155
Ecaballus.27:1926204-5188915 +
Sscrofa.17:8373250-11971899 +

>156
Ecaballus.27:5771952-15459074 +
Sscrofa.15:44434709-53095567 +

>157
Ecaballus.27:15844943-23869304 +
Sscrofa.17:164607-8328863 +

>158
Ecaballus.27:24037122-38802934 +
Sscrofa.15:30639143-44351706 -

>159
Ecaballus.28:416848-4471647 +
Sscrofa.5:34829275-39553785 +

>160
Ecaballus.28:4717940-28473878 +
Sscrofa.5:74582458-97439529 -

>161
Ecaballus.28:29174974-42234239 +
Sscrofa.5:66866-12527633 -

>162
Ecaballus.28:42593219-46011906 +
Sscrofa.5:98889308-100120591 +

>163
Ecaballus.29:2733509-5076897 +
Sscrofa.10:53172192-55042477 +

>164
Ecaballus.29:5698985-8608461 +
Sscrofa.10:38113075-41261769 -

>165
Ecaballus.29:9031874-16673011 +
Sscrofa.10:46146705-52841835 +

>166
Ecaballus.29:17011865-21220437 +
Sscrofa.10:41732466-46112783 +

>167
Ecaballus.29:21769233-32909351 +
Sscrofa.10:56028725-64449290 +

>168
Ecaballus.30:184656-2869501 +
Sscrofa.10:15132105-17031556 +

>169
Ecaballus.30:2927612-4369602 +
Sscrofa.10:11874298-12968344 +

>170
Ecaballus.30:4577169-5925775 +
Sscrofa.10:17787840-18740732 +

>171
Ecaballus.30:6094835-8896765 +
Sscrofa.10:13324618-14924297 +

>172
Ecaballus.30:9118508-9565327 +
Sscrofa.10:19101299-21151284 +

>173
Ecaballus.30:9868737-21772214 +
Sscrofa.10:1528452-11777391 -

>174
Ecaballus.30:24856892-29726363 +
Sscrofa.10:21161647-25022842 +

>175
Ecaballus.30:29750057-29988877 +
Sscrofa.9:106624139-107019793 +

>176
Ecaballus.31:12390-9663754 +
Sscrofa.1:399819-10647947 -

>177
Ecaballus.31:10692603-23594472 +
Sscrofa.1:10682232-24240394 +

>178
Ecaballus.X:734575-993292 +
Sscrofa.X:125485218-125801385 +

>179
Ecaballus.X:2814668-48813138 +
Sscrofa.X:2289528-52328700 +

>180
Ecaballus.X:50624264-50822330 +
Sscrofa.X:123890666-124178404 +

>181
Ecaballus.X:50890827-123991208 +
Sscrofa.X:54576553-123824544 +

